<?xml version="1.0" encoding="UTF-8"?>
<!-- Generated by org.testng.reporters.JUnitXMLReporter -->
<testsuite ignored="0" hostname="LAPTOP-EV48PMBJ" failures="0" tests="4" name="Default test" time="15.975" errors="0" timestamp="2024-03-13T21:35:43 IST">
  <testcase classname="FuctinalTesting.FunctionalTesting" name="positiveScenario" time="2.259"/>
  <testcase classname="FuctinalTesting.FunctionalTesting" name="negativeScenario" time="1.806"/>
  <testcase classname="FuctinalTesting.FunctionalTesting" name="passwordErrorValidation" time="2.531"/>
  <testcase classname="FuctinalTesting.FunctionalTesting" name="loginWithEnterKeyword" time="2.13"/>
</testsuite> <!-- Default test -->
