<?xml version="1.0" encoding="UTF-8"?>
<testng-results ignored="0" total="4" passed="4" failed="0" skipped="0">
  <reporter-output>
  </reporter-output>
  <suite started-at="2024-03-13T21:35:27 IST" name="Default suite" finished-at="2024-03-13T21:35:43 IST" duration-ms="15975">
    <groups>
    </groups>
    <test started-at="2024-03-13T21:35:27 IST" name="Default test" finished-at="2024-03-13T21:35:43 IST" duration-ms="15975">
      <class name="FuctinalTesting.FunctionalTesting">
        <test-method is-config="true" signature="setUp()[pri:0, instance:FuctinalTesting.FunctionalTesting@38d8f54a]" started-at="2024-03-13T21:35:27 IST" name="setUp" finished-at="2024-03-13T21:35:30 IST" duration-ms="2283" status="PASS">
          <reporter-output>
          </reporter-output>
        </test-method> <!-- setUp -->
        <test-method signature="positiveScenario()[pri:0, instance:FuctinalTesting.FunctionalTesting@38d8f54a]" started-at="2024-03-13T21:35:30 IST" name="positiveScenario" finished-at="2024-03-13T21:35:32 IST" duration-ms="2259" status="PASS">
          <reporter-output>
          </reporter-output>
        </test-method> <!-- positiveScenario -->
        <test-method is-config="true" signature="tearDown()[pri:0, instance:FuctinalTesting.FunctionalTesting@38d8f54a]" started-at="2024-03-13T21:35:32 IST" name="tearDown" finished-at="2024-03-13T21:35:32 IST" duration-ms="264" status="PASS">
          <reporter-output>
          </reporter-output>
        </test-method> <!-- tearDown -->
        <test-method is-config="true" signature="setUp()[pri:0, instance:FuctinalTesting.FunctionalTesting@38d8f54a]" started-at="2024-03-13T21:35:32 IST" name="setUp" finished-at="2024-03-13T21:35:34 IST" duration-ms="1250" status="PASS">
          <reporter-output>
          </reporter-output>
        </test-method> <!-- setUp -->
        <test-method signature="negativeScenario()[pri:1, instance:FuctinalTesting.FunctionalTesting@38d8f54a]" started-at="2024-03-13T21:35:34 IST" name="negativeScenario" finished-at="2024-03-13T21:35:35 IST" duration-ms="1806" status="PASS">
          <reporter-output>
          </reporter-output>
        </test-method> <!-- negativeScenario -->
        <test-method is-config="true" signature="tearDown()[pri:0, instance:FuctinalTesting.FunctionalTesting@38d8f54a]" started-at="2024-03-13T21:35:35 IST" name="tearDown" finished-at="2024-03-13T21:35:36 IST" duration-ms="229" status="PASS">
          <reporter-output>
          </reporter-output>
        </test-method> <!-- tearDown -->
        <test-method is-config="true" signature="setUp()[pri:0, instance:FuctinalTesting.FunctionalTesting@38d8f54a]" started-at="2024-03-13T21:35:36 IST" name="setUp" finished-at="2024-03-13T21:35:37 IST" duration-ms="1362" status="PASS">
          <reporter-output>
          </reporter-output>
        </test-method> <!-- setUp -->
        <test-method signature="passwordErrorValidation()[pri:2, instance:FuctinalTesting.FunctionalTesting@38d8f54a]" started-at="2024-03-13T21:35:37 IST" name="passwordErrorValidation" finished-at="2024-03-13T21:35:39 IST" duration-ms="2531" status="PASS">
          <reporter-output>
          </reporter-output>
        </test-method> <!-- passwordErrorValidation -->
        <test-method is-config="true" signature="tearDown()[pri:0, instance:FuctinalTesting.FunctionalTesting@38d8f54a]" started-at="2024-03-13T21:35:39 IST" name="tearDown" finished-at="2024-03-13T21:35:40 IST" duration-ms="228" status="PASS">
          <reporter-output>
          </reporter-output>
        </test-method> <!-- tearDown -->
        <test-method is-config="true" signature="setUp()[pri:0, instance:FuctinalTesting.FunctionalTesting@38d8f54a]" started-at="2024-03-13T21:35:40 IST" name="setUp" finished-at="2024-03-13T21:35:41 IST" duration-ms="1318" status="PASS">
          <reporter-output>
          </reporter-output>
        </test-method> <!-- setUp -->
        <test-method signature="loginWithEnterKeyword()[pri:3, instance:FuctinalTesting.FunctionalTesting@38d8f54a]" started-at="2024-03-13T21:35:41 IST" name="loginWithEnterKeyword" finished-at="2024-03-13T21:35:43 IST" duration-ms="2130" status="PASS">
          <reporter-output>
          </reporter-output>
        </test-method> <!-- loginWithEnterKeyword -->
        <test-method is-config="true" signature="tearDown()[pri:0, instance:FuctinalTesting.FunctionalTesting@38d8f54a]" started-at="2024-03-13T21:35:43 IST" name="tearDown" finished-at="2024-03-13T21:35:43 IST" duration-ms="266" status="PASS">
          <reporter-output>
          </reporter-output>
        </test-method> <!-- tearDown -->
      </class> <!-- FuctinalTesting.FunctionalTesting -->
    </test> <!-- Default test -->
  </suite> <!-- Default suite -->
</testng-results>
